{"/home/daniel/Documents/copy-today-todos/src/modules/addTodoTest.js": {"path":"/home/daniel/Documents/copy-today-todos/src/modules/addTodoTest.js","statementMap":{"0":{"start":{"line":3,"column":16},"end":{"line":21,"column":1}},"1":{"start":{"line":4,"column":14},"end":{"line":4,"column":16}},"2":{"start":{"line":5,"column":2},"end":{"line":9,"column":3}},"3":{"start":{"line":6,"column":4},"end":{"line":6,"column":15}},"4":{"start":{"line":8,"column":4},"end":{"line":8,"column":54}},"5":{"start":{"line":10,"column":19},"end":{"line":10,"column":54}},"6":{"start":{"line":11,"column":15},"end":{"line":15,"column":3}},"7":{"start":{"line":16,"column":2},"end":{"line":16,"column":19}},"8":{"start":{"line":17,"column":2},"end":{"line":17,"column":55}},"9":{"start":{"line":18,"column":2},"end":{"line":18,"column":19}},"10":{"start":{"line":19,"column":2},"end":{"line":19,"column":26}},"11":{"start":{"line":20,"column":2},"end":{"line":20,"column":13}}},"fnMap":{"0":{"name":"(anonymous_0)","decl":{"start":{"line":3,"column":16},"end":{"line":3,"column":17}},"loc":{"start":{"line":3,"column":27},"end":{"line":21,"column":1}},"line":3}},"branchMap":{"0":{"loc":{"start":{"line":5,"column":2},"end":{"line":9,"column":3}},"type":"if","locations":[{"start":{"line":5,"column":2},"end":{"line":9,"column":3}},{"start":{"line":7,"column":9},"end":{"line":9,"column":3}}],"line":5}},"s":{"0":1,"1":2,"2":2,"3":1,"4":1,"5":2,"6":2,"7":2,"8":2,"9":2,"10":2,"11":2},"f":{"0":2},"b":{"0":[1,1]},"_coverageSchema":"1a1c01bbd47fc00a2c39e90264f33305004495a9","hash":"630a84fe61067b9ff68cd7dfd7c29f70f95d4e39"}
,"/home/daniel/Documents/copy-today-todos/src/modules/getTodos.js": {"path":"/home/daniel/Documents/copy-today-todos/src/modules/getTodos.js","statementMap":{"0":{"start":{"line":1,"column":17},"end":{"line":34,"column":1}},"1":{"start":{"line":2,"column":19},"end":{"line":2,"column":54}},"2":{"start":{"line":4,"column":14},"end":{"line":4,"column":16}},"3":{"start":{"line":5,"column":2},"end":{"line":33,"column":3}},"4":{"start":{"line":6,"column":4},"end":{"line":6,"column":15}},"5":{"start":{"line":8,"column":4},"end":{"line":8,"column":54}},"6":{"start":{"line":9,"column":4},"end":{"line":32,"column":7}},"7":{"start":{"line":10,"column":22},"end":{"line":10,"column":50}},"8":{"start":{"line":11,"column":6},"end":{"line":11,"column":36}},"9":{"start":{"line":12,"column":6},"end":{"line":12,"column":45}},"10":{"start":{"line":13,"column":6},"end":{"line":13,"column":70}},"11":{"start":{"line":13,"column":35},"end":{"line":13,"column":70}},"12":{"start":{"line":14,"column":29},"end":{"line":14,"column":60}},"13":{"start":{"line":15,"column":6},"end":{"line":15,"column":54}},"14":{"start":{"line":16,"column":6},"end":{"line":16,"column":52}},"15":{"start":{"line":17,"column":6},"end":{"line":17,"column":80}},"16":{"start":{"line":17,"column":35},"end":{"line":17,"column":80}},"17":{"start":{"line":18,"column":6},"end":{"line":18,"column":44}},"18":{"start":{"line":19,"column":6},"end":{"line":19,"column":42}},"19":{"start":{"line":20,"column":30},"end":{"line":20,"column":61}},"20":{"start":{"line":21,"column":6},"end":{"line":21,"column":51}},"21":{"start":{"line":22,"column":6},"end":{"line":22,"column":62}},"22":{"start":{"line":23,"column":6},"end":{"line":23,"column":48}},"23":{"start":{"line":24,"column":6},"end":{"line":24,"column":53}},"24":{"start":{"line":25,"column":6},"end":{"line":25,"column":43}},"25":{"start":{"line":26,"column":25},"end":{"line":26,"column":57}},"26":{"start":{"line":27,"column":6},"end":{"line":27,"column":64}},"27":{"start":{"line":28,"column":6},"end":{"line":28,"column":44}},"28":{"start":{"line":29,"column":6},"end":{"line":29,"column":38}},"29":{"start":{"line":30,"column":6},"end":{"line":30,"column":36}},"30":{"start":{"line":31,"column":6},"end":{"line":31,"column":18}}},"fnMap":{"0":{"name":"(anonymous_0)","decl":{"start":{"line":1,"column":17},"end":{"line":1,"column":18}},"loc":{"start":{"line":1,"column":23},"end":{"line":34,"column":1}},"line":1},"1":{"name":"(anonymous_1)","decl":{"start":{"line":9,"column":14},"end":{"line":9,"column":15}},"loc":{"start":{"line":9,"column":24},"end":{"line":32,"column":5}},"line":9}},"branchMap":{"0":{"loc":{"start":{"line":5,"column":2},"end":{"line":33,"column":3}},"type":"if","locations":[{"start":{"line":5,"column":2},"end":{"line":33,"column":3}},{"start":{"line":7,"column":9},"end":{"line":33,"column":3}}],"line":5},"1":{"loc":{"start":{"line":13,"column":6},"end":{"line":13,"column":70}},"type":"if","locations":[{"start":{"line":13,"column":6},"end":{"line":13,"column":70}},{"start":{},"end":{}}],"line":13},"2":{"loc":{"start":{"line":17,"column":6},"end":{"line":17,"column":80}},"type":"if","locations":[{"start":{"line":17,"column":6},"end":{"line":17,"column":80}},{"start":{},"end":{}}],"line":17}},"s":{"0":1,"1":5,"2":5,"3":5,"4":2,"5":3,"6":3,"7":5,"8":5,"9":5,"10":5,"11":0,"12":5,"13":5,"14":5,"15":5,"16":0,"17":5,"18":5,"19":5,"20":5,"21":5,"22":5,"23":5,"24":5,"25":5,"26":5,"27":5,"28":5,"29":5,"30":5},"f":{"0":5,"1":5},"b":{"0":[2,3],"1":[0,5],"2":[0,5]},"_coverageSchema":"1a1c01bbd47fc00a2c39e90264f33305004495a9","hash":"c881691b2d2d9841485333fc29f07fb884afc9c3"}
}
