TN:
SF:src/modules/addTodoTest.js
FN:3,(anonymous_0)
FNF:1
FNH:1
FNDA:2,(anonymous_0)
DA:3,1
DA:4,2
DA:5,2
DA:6,1
DA:8,1
DA:10,2
DA:11,2
DA:16,2
DA:17,2
DA:18,2
DA:19,2
DA:20,2
LF:12
LH:12
BRDA:5,0,0,1
BRDA:5,0,1,1
BRF:2
BRH:2
end_of_record
TN:
SF:src/modules/getTodos.js
FN:1,(anonymous_0)
FN:9,(anonymous_1)
FNF:2
FNH:2
FNDA:5,(anonymous_0)
FNDA:5,(anonymous_1)
DA:1,1
DA:2,5
DA:4,5
DA:5,5
DA:6,2
DA:8,3
DA:9,3
DA:10,5
DA:11,5
DA:12,5
DA:13,5
DA:14,5
DA:15,5
DA:16,5
DA:17,5
DA:18,5
DA:19,5
DA:20,5
DA:21,5
DA:22,5
DA:23,5
DA:24,5
DA:25,5
DA:26,5
DA:27,5
DA:28,5
DA:29,5
DA:30,5
DA:31,5
LF:29
LH:29
BRDA:5,0,0,2
BRDA:5,0,1,3
BRDA:13,1,0,0
BRDA:13,1,1,5
BRDA:17,2,0,0
BRDA:17,2,1,5
BRF:6
BRH:4
end_of_record
